number->-1
id->(2, 0)
,->-1
id->(3, 0)
,->-1
id->(4, 0)
,->-1
id->(4, 1)
;->-1
read->-1
(->-1
id->(2, 0)
,->-1
id->(3, 0)
,->-1
id->(4, 0)
)->-1
;->-1
id->(4, 1)
=->-1
const->(3, 1)
;->-1
if->-1
(->-1
(->-1
id->(2, 0)
>->-1
id->(3, 0)
)->-1
and->-1
(->-1
id->(2, 0)
>->-1
id->(4, 0)
)->-1
)->-1
{->-1
id->(4, 1)
=->-1
id->(2, 0)
;->-1
}->-1
else->-1
if->-1
(->-1
id->(3, 0)
>->-1
id->(4, 0)
)->-1
{->-1
id->(4, 1)
=->-1
id->(3, 0)
;->-1
}->-1
else->-1
{->-1
id->(4, 1)
=->-1
id->(4, 0)
;->-1
}->-1
print->-1
(->-1
id->(4, 1)
)->-1
;->-1
